<?xml version="1.0" encoding="UTF-8"?>
<testsuite name="org.fpm.di.example.Example" tests="4" skipped="0" failures="0" errors="0" timestamp="2023-01-10T18:54:17" hostname="DESKTOP-VS1EOVL" time="0.01">
  <properties/>
  <testcase name="shouldInjectSingleton" classname="org.fpm.di.example.Example" time="0.007"/>
  <testcase name="shouldInjectPrototype" classname="org.fpm.di.example.Example" time="0.001"/>
  <testcase name="shouldBuildInjectionGraph" classname="org.fpm.di.example.Example" time="0.0"/>
  <testcase name="shouldBuildInjectDependencies" classname="org.fpm.di.example.Example" time="0.002"/>
  <system-out><![CDATA[]]></system-out>
  <system-err><![CDATA[]]></system-err>
</testsuite>
